
*** Running vivado
    with args -log user_proj_example.vds -m64 -product Vivado -mode batch -messageDb vivado.pb -notrace -source user_proj_example.tcl


****** Vivado v2022.1 (64-bit)
  **** SW Build 3526262 on Mon Apr 18 15:47:01 MDT 2022
  **** IP Build 3524634 on Mon Apr 18 20:55:01 MDT 2022
    ** Copyright 1986-2022 Xilinx, Inc. All Rights Reserved.

source user_proj_example.tcl -notrace
Command: synth_design -top user_proj_example -part xc7z020clg400-1
Starting synth_design
Attempting to get a license for feature 'Synthesis' and/or device 'xc7z020'
INFO: [Common 17-349] Got license for feature 'Synthesis' and/or device 'xc7z020'
INFO: [Synth 8-7079] Multithreading enabled for synth_design using a maximum of 4 processes.
INFO: [Synth 8-7078] Launching helper process for spawning children vivado processes
INFO: [Synth 8-7075] Helper process launched with PID 13642
---------------------------------------------------------------------------------
Starting Synthesize : Time (s): cpu = 00:00:03 ; elapsed = 00:00:07 . Memory (MB): peak = 2927.082 ; gain = 0.000 ; free physical = 3474 ; free virtual = 6996
---------------------------------------------------------------------------------
INFO: [Synth 8-6157] synthesizing module 'user_proj_example' [/home/ubuntu/course-lab_4/lab-exmem_fir/rtl/user/user_proj_example.counter.v:42]
INFO: [Synth 8-6157] synthesizing module 'bram' [/home/ubuntu/course-lab_4/lab-exmem_fir/rtl/user/bram.v:1]
INFO: [Synth 8-6155] done synthesizing module 'bram' (0#1) [/home/ubuntu/course-lab_4/lab-exmem_fir/rtl/user/bram.v:1]
INFO: [Synth 8-6155] done synthesizing module 'user_proj_example' (0#1) [/home/ubuntu/course-lab_4/lab-exmem_fir/rtl/user/user_proj_example.counter.v:42]
WARNING: [Synth 8-3848] Net la_data_out in module/entity user_proj_example does not have driver. [/home/ubuntu/course-lab_4/lab-exmem_fir/rtl/user/user_proj_example.counter.v:65]
WARNING: [Synth 8-3848] Net io_out in module/entity user_proj_example does not have driver. [/home/ubuntu/course-lab_4/lab-exmem_fir/rtl/user/user_proj_example.counter.v:70]
WARNING: [Synth 8-3848] Net io_oeb in module/entity user_proj_example does not have driver. [/home/ubuntu/course-lab_4/lab-exmem_fir/rtl/user/user_proj_example.counter.v:71]
WARNING: [Synth 8-3848] Net irq in module/entity user_proj_example does not have driver. [/home/ubuntu/course-lab_4/lab-exmem_fir/rtl/user/user_proj_example.counter.v:74]
WARNING: [Synth 8-7129] Port A0[31] in module bram is either unconnected or has no load
WARNING: [Synth 8-7129] Port A0[30] in module bram is either unconnected or has no load
WARNING: [Synth 8-7129] Port A0[29] in module bram is either unconnected or has no load
WARNING: [Synth 8-7129] Port A0[28] in module bram is either unconnected or has no load
WARNING: [Synth 8-7129] Port A0[27] in module bram is either unconnected or has no load
WARNING: [Synth 8-7129] Port A0[26] in module bram is either unconnected or has no load
WARNING: [Synth 8-7129] Port A0[25] in module bram is either unconnected or has no load
WARNING: [Synth 8-7129] Port A0[24] in module bram is either unconnected or has no load
WARNING: [Synth 8-7129] Port A0[23] in module bram is either unconnected or has no load
WARNING: [Synth 8-7129] Port A0[22] in module bram is either unconnected or has no load
WARNING: [Synth 8-7129] Port A0[21] in module bram is either unconnected or has no load
WARNING: [Synth 8-7129] Port A0[20] in module bram is either unconnected or has no load
WARNING: [Synth 8-7129] Port A0[19] in module bram is either unconnected or has no load
WARNING: [Synth 8-7129] Port A0[18] in module bram is either unconnected or has no load
WARNING: [Synth 8-7129] Port A0[17] in module bram is either unconnected or has no load
WARNING: [Synth 8-7129] Port A0[16] in module bram is either unconnected or has no load
WARNING: [Synth 8-7129] Port A0[15] in module bram is either unconnected or has no load
WARNING: [Synth 8-7129] Port A0[14] in module bram is either unconnected or has no load
WARNING: [Synth 8-7129] Port A0[13] in module bram is either unconnected or has no load
WARNING: [Synth 8-7129] Port A0[12] in module bram is either unconnected or has no load
WARNING: [Synth 8-7129] Port A0[11] in module bram is either unconnected or has no load
WARNING: [Synth 8-7129] Port la_data_out[127] in module user_proj_example is either unconnected or has no load
WARNING: [Synth 8-7129] Port la_data_out[126] in module user_proj_example is either unconnected or has no load
WARNING: [Synth 8-7129] Port la_data_out[125] in module user_proj_example is either unconnected or has no load
WARNING: [Synth 8-7129] Port la_data_out[124] in module user_proj_example is either unconnected or has no load
WARNING: [Synth 8-7129] Port la_data_out[123] in module user_proj_example is either unconnected or has no load
WARNING: [Synth 8-7129] Port la_data_out[122] in module user_proj_example is either unconnected or has no load
WARNING: [Synth 8-7129] Port la_data_out[121] in module user_proj_example is either unconnected or has no load
WARNING: [Synth 8-7129] Port la_data_out[120] in module user_proj_example is either unconnected or has no load
WARNING: [Synth 8-7129] Port la_data_out[119] in module user_proj_example is either unconnected or has no load
WARNING: [Synth 8-7129] Port la_data_out[118] in module user_proj_example is either unconnected or has no load
WARNING: [Synth 8-7129] Port la_data_out[117] in module user_proj_example is either unconnected or has no load
WARNING: [Synth 8-7129] Port la_data_out[116] in module user_proj_example is either unconnected or has no load
WARNING: [Synth 8-7129] Port la_data_out[115] in module user_proj_example is either unconnected or has no load
WARNING: [Synth 8-7129] Port la_data_out[114] in module user_proj_example is either unconnected or has no load
WARNING: [Synth 8-7129] Port la_data_out[113] in module user_proj_example is either unconnected or has no load
WARNING: [Synth 8-7129] Port la_data_out[112] in module user_proj_example is either unconnected or has no load
WARNING: [Synth 8-7129] Port la_data_out[111] in module user_proj_example is either unconnected or has no load
WARNING: [Synth 8-7129] Port la_data_out[110] in module user_proj_example is either unconnected or has no load
WARNING: [Synth 8-7129] Port la_data_out[109] in module user_proj_example is either unconnected or has no load
WARNING: [Synth 8-7129] Port la_data_out[108] in module user_proj_example is either unconnected or has no load
WARNING: [Synth 8-7129] Port la_data_out[107] in module user_proj_example is either unconnected or has no load
WARNING: [Synth 8-7129] Port la_data_out[106] in module user_proj_example is either unconnected or has no load
WARNING: [Synth 8-7129] Port la_data_out[105] in module user_proj_example is either unconnected or has no load
WARNING: [Synth 8-7129] Port la_data_out[104] in module user_proj_example is either unconnected or has no load
WARNING: [Synth 8-7129] Port la_data_out[103] in module user_proj_example is either unconnected or has no load
WARNING: [Synth 8-7129] Port la_data_out[102] in module user_proj_example is either unconnected or has no load
WARNING: [Synth 8-7129] Port la_data_out[101] in module user_proj_example is either unconnected or has no load
WARNING: [Synth 8-7129] Port la_data_out[100] in module user_proj_example is either unconnected or has no load
WARNING: [Synth 8-7129] Port la_data_out[99] in module user_proj_example is either unconnected or has no load
WARNING: [Synth 8-7129] Port la_data_out[98] in module user_proj_example is either unconnected or has no load
WARNING: [Synth 8-7129] Port la_data_out[97] in module user_proj_example is either unconnected or has no load
WARNING: [Synth 8-7129] Port la_data_out[96] in module user_proj_example is either unconnected or has no load
WARNING: [Synth 8-7129] Port la_data_out[95] in module user_proj_example is either unconnected or has no load
WARNING: [Synth 8-7129] Port la_data_out[94] in module user_proj_example is either unconnected or has no load
WARNING: [Synth 8-7129] Port la_data_out[93] in module user_proj_example is either unconnected or has no load
WARNING: [Synth 8-7129] Port la_data_out[92] in module user_proj_example is either unconnected or has no load
WARNING: [Synth 8-7129] Port la_data_out[91] in module user_proj_example is either unconnected or has no load
WARNING: [Synth 8-7129] Port la_data_out[90] in module user_proj_example is either unconnected or has no load
WARNING: [Synth 8-7129] Port la_data_out[89] in module user_proj_example is either unconnected or has no load
WARNING: [Synth 8-7129] Port la_data_out[88] in module user_proj_example is either unconnected or has no load
WARNING: [Synth 8-7129] Port la_data_out[87] in module user_proj_example is either unconnected or has no load
WARNING: [Synth 8-7129] Port la_data_out[86] in module user_proj_example is either unconnected or has no load
WARNING: [Synth 8-7129] Port la_data_out[85] in module user_proj_example is either unconnected or has no load
WARNING: [Synth 8-7129] Port la_data_out[84] in module user_proj_example is either unconnected or has no load
WARNING: [Synth 8-7129] Port la_data_out[83] in module user_proj_example is either unconnected or has no load
WARNING: [Synth 8-7129] Port la_data_out[82] in module user_proj_example is either unconnected or has no load
WARNING: [Synth 8-7129] Port la_data_out[81] in module user_proj_example is either unconnected or has no load
WARNING: [Synth 8-7129] Port la_data_out[80] in module user_proj_example is either unconnected or has no load
WARNING: [Synth 8-7129] Port la_data_out[79] in module user_proj_example is either unconnected or has no load
WARNING: [Synth 8-7129] Port la_data_out[78] in module user_proj_example is either unconnected or has no load
WARNING: [Synth 8-7129] Port la_data_out[77] in module user_proj_example is either unconnected or has no load
WARNING: [Synth 8-7129] Port la_data_out[76] in module user_proj_example is either unconnected or has no load
WARNING: [Synth 8-7129] Port la_data_out[75] in module user_proj_example is either unconnected or has no load
WARNING: [Synth 8-7129] Port la_data_out[74] in module user_proj_example is either unconnected or has no load
WARNING: [Synth 8-7129] Port la_data_out[73] in module user_proj_example is either unconnected or has no load
WARNING: [Synth 8-7129] Port la_data_out[72] in module user_proj_example is either unconnected or has no load
WARNING: [Synth 8-7129] Port la_data_out[71] in module user_proj_example is either unconnected or has no load
WARNING: [Synth 8-7129] Port la_data_out[70] in module user_proj_example is either unconnected or has no load
WARNING: [Synth 8-7129] Port la_data_out[69] in module user_proj_example is either unconnected or has no load
WARNING: [Synth 8-7129] Port la_data_out[68] in module user_proj_example is either unconnected or has no load
WARNING: [Synth 8-7129] Port la_data_out[67] in module user_proj_example is either unconnected or has no load
WARNING: [Synth 8-7129] Port la_data_out[66] in module user_proj_example is either unconnected or has no load
WARNING: [Synth 8-7129] Port la_data_out[65] in module user_proj_example is either unconnected or has no load
WARNING: [Synth 8-7129] Port la_data_out[64] in module user_proj_example is either unconnected or has no load
WARNING: [Synth 8-7129] Port la_data_out[63] in module user_proj_example is either unconnected or has no load
WARNING: [Synth 8-7129] Port la_data_out[62] in module user_proj_example is either unconnected or has no load
WARNING: [Synth 8-7129] Port la_data_out[61] in module user_proj_example is either unconnected or has no load
WARNING: [Synth 8-7129] Port la_data_out[60] in module user_proj_example is either unconnected or has no load
WARNING: [Synth 8-7129] Port la_data_out[59] in module user_proj_example is either unconnected or has no load
WARNING: [Synth 8-7129] Port la_data_out[58] in module user_proj_example is either unconnected or has no load
WARNING: [Synth 8-7129] Port la_data_out[57] in module user_proj_example is either unconnected or has no load
WARNING: [Synth 8-7129] Port la_data_out[56] in module user_proj_example is either unconnected or has no load
WARNING: [Synth 8-7129] Port la_data_out[55] in module user_proj_example is either unconnected or has no load
WARNING: [Synth 8-7129] Port la_data_out[54] in module user_proj_example is either unconnected or has no load
WARNING: [Synth 8-7129] Port la_data_out[53] in module user_proj_example is either unconnected or has no load
WARNING: [Synth 8-7129] Port la_data_out[52] in module user_proj_example is either unconnected or has no load
WARNING: [Synth 8-7129] Port la_data_out[51] in module user_proj_example is either unconnected or has no load
WARNING: [Synth 8-7129] Port la_data_out[50] in module user_proj_example is either unconnected or has no load
WARNING: [Synth 8-7129] Port la_data_out[49] in module user_proj_example is either unconnected or has no load
INFO: [Common 17-14] Message 'Synth 8-7129' appears 100 times and further instances of the messages will be disabled. Use the Tcl command set_msg_config to change the current settings.
---------------------------------------------------------------------------------
Finished Synthesize : Time (s): cpu = 00:00:04 ; elapsed = 00:00:10 . Memory (MB): peak = 2927.082 ; gain = 0.000 ; free physical = 4537 ; free virtual = 8066
---------------------------------------------------------------------------------
---------------------------------------------------------------------------------
Finished Constraint Validation : Time (s): cpu = 00:00:05 ; elapsed = 00:00:10 . Memory (MB): peak = 2927.082 ; gain = 0.000 ; free physical = 4537 ; free virtual = 8066
---------------------------------------------------------------------------------
---------------------------------------------------------------------------------
Start Loading Part and Timing Information
---------------------------------------------------------------------------------
Loading part: xc7z020clg400-1
---------------------------------------------------------------------------------
Finished Loading Part and Timing Information : Time (s): cpu = 00:00:05 ; elapsed = 00:00:10 . Memory (MB): peak = 2935.086 ; gain = 8.004 ; free physical = 4537 ; free virtual = 8066
---------------------------------------------------------------------------------
INFO: [Device 21-403] Loading part xc7z020clg400-1
---------------------------------------------------------------------------------
Finished RTL Optimization Phase 2 : Time (s): cpu = 00:00:05 ; elapsed = 00:00:11 . Memory (MB): peak = 2935.086 ; gain = 8.004 ; free physical = 4510 ; free virtual = 8044
---------------------------------------------------------------------------------
No constraint files found.
---------------------------------------------------------------------------------
Start RTL Component Statistics 
---------------------------------------------------------------------------------
Detailed RTL Component Info : 
+---Adders : 
	   2 Input   32 Bit       Adders := 1     
+---Registers : 
	               32 Bit    Registers := 3     
	                1 Bit    Registers := 1     
+---RAMs : 
	              64K Bit	(2048 X 32 bit)          RAMs := 1     
+---Muxes : 
	   2 Input   32 Bit        Muxes := 7     
	   2 Input    8 Bit        Muxes := 1     
	   2 Input    1 Bit        Muxes := 1     
---------------------------------------------------------------------------------
Finished RTL Component Statistics 
---------------------------------------------------------------------------------
---------------------------------------------------------------------------------
Start Part Resource Summary
---------------------------------------------------------------------------------
Part Resources:
DSPs: 220 (col length:60)
BRAMs: 280 (col length: RAMB18 60 RAMB36 30)
---------------------------------------------------------------------------------
Finished Part Resource Summary
---------------------------------------------------------------------------------
No constraint files found.
---------------------------------------------------------------------------------
Start Cross Boundary and Area Optimization
---------------------------------------------------------------------------------
WARNING: [Synth 8-7080] Parallel synthesis criteria is not met
---------------------------------------------------------------------------------
Finished Cross Boundary and Area Optimization : Time (s): cpu = 00:00:09 ; elapsed = 00:00:36 . Memory (MB): peak = 2935.086 ; gain = 8.004 ; free physical = 4190 ; free virtual = 7762
---------------------------------------------------------------------------------
---------------------------------------------------------------------------------
Start ROM, RAM, DSP, Shift Register and Retiming Reporting
---------------------------------------------------------------------------------

Block RAM: Preliminary Mapping Report (see note below)
+------------------+-------------------+------------------------+---+---+------------------------+---+---+------------------+--------+--------+
|Module Name       | RTL Object        | PORT A (Depth x Width) | W | R | PORT B (Depth x Width) | W | R | Ports driving FF | RAMB18 | RAMB36 | 
+------------------+-------------------+------------------------+---+---+------------------------+---+---+------------------+--------+--------+
|user_proj_example | user_bram/RAM_reg | 2 K x 32(READ_FIRST)   | W |   | 2 K x 32(WRITE_FIRST)  |   | R | Port A and B     | 0      | 2      | 
+------------------+-------------------+------------------------+---+---+------------------------+---+---+------------------+--------+--------+

Note: The table above is a preliminary report that shows the Block RAMs at the current stage of the synthesis flow. Some Block RAMs may be reimplemented as non Block RAM primitives later in the synthesis flow. Multiple instantiated Block RAMs are reported only once. 
---------------------------------------------------------------------------------
Finished ROM, RAM, DSP, Shift Register and Retiming Reporting
---------------------------------------------------------------------------------
No constraint files found.
---------------------------------------------------------------------------------
Start Timing Optimization
---------------------------------------------------------------------------------
---------------------------------------------------------------------------------
Finished Timing Optimization : Time (s): cpu = 00:00:09 ; elapsed = 00:00:36 . Memory (MB): peak = 2935.086 ; gain = 8.004 ; free physical = 4190 ; free virtual = 7763
---------------------------------------------------------------------------------
---------------------------------------------------------------------------------
Start ROM, RAM, DSP, Shift Register and Retiming Reporting
---------------------------------------------------------------------------------

Block RAM: Final Mapping Report
+------------------+-------------------+------------------------+---+---+------------------------+---+---+------------------+--------+--------+
|Module Name       | RTL Object        | PORT A (Depth x Width) | W | R | PORT B (Depth x Width) | W | R | Ports driving FF | RAMB18 | RAMB36 | 
+------------------+-------------------+------------------------+---+---+------------------------+---+---+------------------+--------+--------+
|user_proj_example | user_bram/RAM_reg | 2 K x 32(READ_FIRST)   | W |   | 2 K x 32(WRITE_FIRST)  |   | R | Port A and B     | 0      | 2      | 
+------------------+-------------------+------------------------+---+---+------------------------+---+---+------------------+--------+--------+

---------------------------------------------------------------------------------
Finished ROM, RAM, DSP, Shift Register and Retiming Reporting
---------------------------------------------------------------------------------
---------------------------------------------------------------------------------
Start Technology Mapping
---------------------------------------------------------------------------------
---------------------------------------------------------------------------------
Finished Technology Mapping : Time (s): cpu = 00:00:09 ; elapsed = 00:00:36 . Memory (MB): peak = 2935.086 ; gain = 8.004 ; free physical = 4188 ; free virtual = 7761
---------------------------------------------------------------------------------
---------------------------------------------------------------------------------
Start IO Insertion
---------------------------------------------------------------------------------
---------------------------------------------------------------------------------
Start Flattening Before IO Insertion
---------------------------------------------------------------------------------
---------------------------------------------------------------------------------
Finished Flattening Before IO Insertion
---------------------------------------------------------------------------------
---------------------------------------------------------------------------------
Start Final Netlist Cleanup
---------------------------------------------------------------------------------
---------------------------------------------------------------------------------
Finished Final Netlist Cleanup
---------------------------------------------------------------------------------
---------------------------------------------------------------------------------
Finished IO Insertion : Time (s): cpu = 00:00:14 ; elapsed = 00:00:41 . Memory (MB): peak = 2935.086 ; gain = 8.004 ; free physical = 4187 ; free virtual = 7761
---------------------------------------------------------------------------------
---------------------------------------------------------------------------------
Start Renaming Generated Instances
---------------------------------------------------------------------------------
---------------------------------------------------------------------------------
Finished Renaming Generated Instances : Time (s): cpu = 00:00:14 ; elapsed = 00:00:41 . Memory (MB): peak = 2935.086 ; gain = 8.004 ; free physical = 4187 ; free virtual = 7761
---------------------------------------------------------------------------------
---------------------------------------------------------------------------------
Start Rebuilding User Hierarchy
---------------------------------------------------------------------------------
---------------------------------------------------------------------------------
Finished Rebuilding User Hierarchy : Time (s): cpu = 00:00:14 ; elapsed = 00:00:41 . Memory (MB): peak = 2935.086 ; gain = 8.004 ; free physical = 4187 ; free virtual = 7761
---------------------------------------------------------------------------------
---------------------------------------------------------------------------------
Start Renaming Generated Ports
---------------------------------------------------------------------------------
---------------------------------------------------------------------------------
Finished Renaming Generated Ports : Time (s): cpu = 00:00:14 ; elapsed = 00:00:41 . Memory (MB): peak = 2935.086 ; gain = 8.004 ; free physical = 4187 ; free virtual = 7761
---------------------------------------------------------------------------------
---------------------------------------------------------------------------------
Start Handling Custom Attributes
---------------------------------------------------------------------------------
---------------------------------------------------------------------------------
Finished Handling Custom Attributes : Time (s): cpu = 00:00:14 ; elapsed = 00:00:41 . Memory (MB): peak = 2935.086 ; gain = 8.004 ; free physical = 4187 ; free virtual = 7761
---------------------------------------------------------------------------------
---------------------------------------------------------------------------------
Start Renaming Generated Nets
---------------------------------------------------------------------------------
---------------------------------------------------------------------------------
Finished Renaming Generated Nets : Time (s): cpu = 00:00:14 ; elapsed = 00:00:41 . Memory (MB): peak = 2935.086 ; gain = 8.004 ; free physical = 4187 ; free virtual = 7761
---------------------------------------------------------------------------------
---------------------------------------------------------------------------------
Start Writing Synthesis Report
---------------------------------------------------------------------------------

Report BlackBoxes: 
+-+--------------+----------+
| |BlackBox name |Instances |
+-+--------------+----------+
+-+--------------+----------+

Report Cell Usage: 
+------+---------+------+
|      |Cell     |Count |
+------+---------+------+
|1     |BUFG     |     1|
|2     |CARRY4   |     8|
|3     |LUT1     |     1|
|4     |LUT2     |     1|
|5     |LUT3     |     8|
|6     |LUT4     |     6|
|7     |LUT5     |    35|
|8     |LUT6     |     3|
|9     |RAMB36E1 |     2|
|10    |FDRE     |    33|
|11    |IBUF     |    56|
|12    |OBUF     |    33|
|13    |OBUFT    |   195|
+------+---------+------+

Report Instance Areas: 
+------+------------+-------+------+
|      |Instance    |Module |Cells |
+------+------------+-------+------+
|1     |top         |       |   382|
|2     |  user_bram |bram   |    14|
+------+------------+-------+------+
---------------------------------------------------------------------------------
Finished Writing Synthesis Report : Time (s): cpu = 00:00:14 ; elapsed = 00:00:41 . Memory (MB): peak = 2935.086 ; gain = 8.004 ; free physical = 4187 ; free virtual = 7761
---------------------------------------------------------------------------------
Synthesis finished with 0 errors, 0 critical warnings and 1013 warnings.
Synthesis Optimization Runtime : Time (s): cpu = 00:00:14 ; elapsed = 00:00:41 . Memory (MB): peak = 2935.086 ; gain = 8.004 ; free physical = 4187 ; free virtual = 7761
Synthesis Optimization Complete : Time (s): cpu = 00:00:14 ; elapsed = 00:00:41 . Memory (MB): peak = 2935.094 ; gain = 8.004 ; free physical = 4187 ; free virtual = 7761
INFO: [Project 1-571] Translating synthesized netlist
Netlist sorting complete. Time (s): cpu = 00:00:00 ; elapsed = 00:00:00 . Memory (MB): peak = 2935.094 ; gain = 0.000 ; free physical = 4265 ; free virtual = 7839
INFO: [Netlist 29-17] Analyzing 10 Unisim elements for replacement
INFO: [Netlist 29-28] Unisim Transformation completed in 0 CPU seconds
INFO: [Project 1-570] Preparing netlist for logic optimization
INFO: [Opt 31-138] Pushed 0 inverter(s) to 0 load pin(s).
Netlist sorting complete. Time (s): cpu = 00:00:00 ; elapsed = 00:00:00 . Memory (MB): peak = 2943.090 ; gain = 0.000 ; free physical = 4179 ; free virtual = 7766
INFO: [Project 1-111] Unisim Transformation Summary:
No Unisim elements were transformed.

Synth Design complete, checksum: ab2e4463
INFO: [Common 17-83] Releasing license: Synthesis
17 Infos, 105 Warnings, 0 Critical Warnings and 0 Errors encountered.
synth_design completed successfully
synth_design: Time (s): cpu = 00:00:21 ; elapsed = 00:00:45 . Memory (MB): peak = 2943.090 ; gain = 16.008 ; free physical = 4365 ; free virtual = 7951
INFO: [Common 17-1381] The checkpoint '/home/ubuntu/Desktop/project_1/project_1.runs/synth_1/user_proj_example.dcp' has been generated.
INFO: [runtcl-4] Executing : report_utilization -file user_proj_example_utilization_synth.rpt -pb user_proj_example_utilization_synth.pb
INFO: [Common 17-206] Exiting Vivado at Tue Nov  7 12:39:00 2023...
